{"name": "test_verify_product_appears_in_the_cart[Laptops-abc1234-MacBook Pro]", "status": "failed", "statusDetails": {"message": "Failed: Failed to verify total price", "trace": "browser_option = <Page url='https://www.demoblaze.com/cart.html'>\n\n    @then('the total price should match the product price')\n    def verifytotalprice(browser_option):\n        try:\n            print(\"i am in verify total price method\")\n>           cart_page.verify_total_price(browser_option)\n\nTests\\test_addtocart.py:145: \n_ _ _ _ _ _ _ _ _ _ _ _ _ _ _ _ _ _ _ _ _ _ _ _ _ _ _ _ _ _ _ _ _ _ _ _ _ _ _ _ _ _ _ _ _ \n\npage = <Page url='https://www.demoblaze.com/cart.html'>\n\n    def verify_total_price(page:Page):\n        total_price_cart=Helper1.getelements(page,cart_locators.Cart_locators[\"Total_price_incart\"]).inner_text()\n>       assert total_price_cart==cart_page.Prod_price\n               ^^^^^^^^^^^^^^^^^^^^^^^^^^^^^^^^^^^^^^\nE       AssertionError\n\nPages\\Cart_page.py:26: AssertionError\n\nDuring handling of the above exception, another exception occurred:\n\nfixturefunc = <function verifytotalprice at 0x00000202F54C22A0>\nrequest = <FixtureRequest for <Function test_verify_product_appears_in_the_cart[Laptops-abc1234-MacBook Pro]>>\nkwargs = {'browser_option': <Page url='https://www.demoblaze.com/cart.html'>}\n\n    def call_fixture_func(\n        fixturefunc: _FixtureFunc[FixtureValue], request: FixtureRequest, kwargs\n    ) -> FixtureValue:\n        if inspect.isgeneratorfunction(fixturefunc):\n            fixturefunc = cast(Callable[..., Generator[FixtureValue]], fixturefunc)\n            generator = fixturefunc(**kwargs)\n            try:\n                fixture_result = next(generator)\n            except StopIteration:\n                raise ValueError(f\"{request.fixturename} did not yield a value\") from None\n            finalizer = functools.partial(_teardown_yield_fixture, fixturefunc, generator)\n            request.addfinalizer(finalizer)\n        else:\n            fixturefunc = cast(Callable[..., FixtureValue], fixturefunc)\n>           fixture_result = fixturefunc(**kwargs)\n                             ^^^^^^^^^^^^^^^^^^^^^\n\n..\\AppData\\Local\\Programs\\Python\\Python312\\Lib\\site-packages\\_pytest\\fixtures.py:930: \n_ _ _ _ _ _ _ _ _ _ _ _ _ _ _ _ _ _ _ _ _ _ _ _ _ _ _ _ _ _ _ _ _ _ _ _ _ _ _ _ _ _ _ _ _ \n\nbrowser_option = <Page url='https://www.demoblaze.com/cart.html'>\n\n    @then('the total price should match the product price')\n    def verifytotalprice(browser_option):\n        try:\n            print(\"i am in verify total price method\")\n            cart_page.verify_total_price(browser_option)\n        except Exception as e:\n            print(f\"Verify total price error: {e}\")\n>           pytest.fail(\"Failed to verify total price\")\nE           Failed: Failed to verify total price\n\nTests\\test_addtocart.py:148: Failed"}, "description": "C:\\Users\\91783\\Ecommerce_automationproject\\Features\\AddtoCart.Feature: Verify product appears in the cart", "parameters": [{"name": "_pytest_bdd_example", "value": "{'Category': 'Laptops', 'Password': 'abc1234', 'Product': 'MacBook Pro'}"}], "start": 1764513877437, "stop": 1764513892966, "uuid": "3753aa03-54e3-4395-b966-5b7d344d4069", "historyId": "241f5d7b5f171d288d624669b46fb06a", "testCaseId": "b5cfa60e43726faa85aafdd01844ada4", "fullName": "Tests.test_addtocart#test_verify_product_appears_in_the_cart", "labels": [{"name": "tag", "value": "addtocart"}, {"name": "tag", "value": "afterproductadded"}, {"name": "parentSuite", "value": "Tests"}, {"name": "suite", "value": "test_addtocart"}, {"name": "host", "value": "LAPTOP-OJ35FHS6"}, {"name": "thread", "value": "13668-MainThread"}, {"name": "framework", "value": "pytest"}, {"name": "language", "value": "cpython3"}, {"name": "package", "value": "Tests.test_addtocart"}], "titlePath": ["Tests", "test_addtocart.py"]}