{"name": "test_verify_product_appears_in_the_cart[Laptops-abc1234-Sony vaio i5]", "status": "failed", "statusDetails": {"message": "Failed: Failed to verify total price", "trace": "browser_option = <Page url='https://www.demoblaze.com/cart.html'>\n\n    @then('the total price should match the product price')\n    def verifytotalprice(browser_option):\n        try:\n            print(\"i am in verify total price method\")\n>           cart_page.verify_total_price(browser_option)\n\nTests\\test_addtocart.py:145: \n_ _ _ _ _ _ _ _ _ _ _ _ _ _ _ _ _ _ _ _ _ _ _ _ _ _ _ _ _ _ _ _ _ _ _ _ _ _ _ _ _ _ _ _ _ _ _ _ _ _ _ _ _ _ _ _ _ _ _\n\npage = <Page url='https://www.demoblaze.com/cart.html'>\n\n    def verify_total_price(page:Page):\n        total_price_cart=Helper1.getelements(page,cart_locators.Cart_locators[\"Total_price_incart\"]).inner_text()\n        print(total_price_cart)\n        print(cart_page.Prod_price)\n>       assert total_price_cart==cart_page.Prod_price\n               ^^^^^^^^^^^^^^^^^^^^^^^^^^^^^^^^^^^^^^\nE       AssertionError\n\nPages\\Cart_page.py:28: AssertionError\n\nDuring handling of the above exception, another exception occurred:\n\nfixturefunc = <function verifytotalprice at 0x000002320FA123E0>\nrequest = <FixtureRequest for <Function test_verify_product_appears_in_the_cart[Laptops-abc1234-Sony vaio i5]>>\nkwargs = {'browser_option': <Page url='https://www.demoblaze.com/cart.html'>}\n\n    def call_fixture_func(\n        fixturefunc: _FixtureFunc[FixtureValue], request: FixtureRequest, kwargs\n    ) -> FixtureValue:\n        if inspect.isgeneratorfunction(fixturefunc):\n            fixturefunc = cast(Callable[..., Generator[FixtureValue]], fixturefunc)\n            generator = fixturefunc(**kwargs)\n            try:\n                fixture_result = next(generator)\n            except StopIteration:\n                raise ValueError(f\"{request.fixturename} did not yield a value\") from None\n            finalizer = functools.partial(_teardown_yield_fixture, fixturefunc, generator)\n            request.addfinalizer(finalizer)\n        else:\n            fixturefunc = cast(Callable[..., FixtureValue], fixturefunc)\n>           fixture_result = fixturefunc(**kwargs)\n                             ^^^^^^^^^^^^^^^^^^^^^\n\n..\\AppData\\Local\\Programs\\Python\\Python312\\Lib\\site-packages\\_pytest\\fixtures.py:930: \n_ _ _ _ _ _ _ _ _ _ _ _ _ _ _ _ _ _ _ _ _ _ _ _ _ _ _ _ _ _ _ _ _ _ _ _ _ _ _ _ _ _ _ _ _ _ _ _ _ _ _ _ _ _ _ _ _ _ _\n\nbrowser_option = <Page url='https://www.demoblaze.com/cart.html'>\n\n    @then('the total price should match the product price')\n    def verifytotalprice(browser_option):\n        try:\n            print(\"i am in verify total price method\")\n            cart_page.verify_total_price(browser_option)\n        except Exception as e:\n            print(f\"Verify total price error: {e}\")\n>           pytest.fail(\"Failed to verify total price\")\nE           Failed: Failed to verify total price\n\nTests\\test_addtocart.py:148: Failed"}, "description": "C:\\Users\\91783\\Ecommerce_automationproject\\Features\\AddtoCart.Feature: Verify product appears in the cart", "attachments": [{"name": "test_verify_product_appears_in_the_cart[Laptops-abc1234-Sony vaio i5]_failure.png", "source": "4c0b9a20-cb93-4c58-9869-6ae15ed4a020-attachment.png", "type": "image/png"}], "parameters": [{"name": "_pytest_bdd_example", "value": "{'Category': 'Laptops', 'Password': 'abc1234', 'Product': 'Sony vaio i5'}"}], "start": 1764951049805, "stop": 1764951063439, "uuid": "4111d691-2164-4ff2-974f-202781cf97c5", "historyId": "c8dd67dd9cf1c18f2a0c1eba3ba1455e", "testCaseId": "b5cfa60e43726faa85aafdd01844ada4", "fullName": "Tests.test_addtocart#test_verify_product_appears_in_the_cart", "labels": [{"name": "tag", "value": "addtocart"}, {"name": "tag", "value": "afterproductadded"}, {"name": "parentSuite", "value": "Tests"}, {"name": "suite", "value": "test_addtocart"}, {"name": "host", "value": "LAPTOP-OJ35FHS6"}, {"name": "thread", "value": "24560-MainThread"}, {"name": "framework", "value": "pytest"}, {"name": "language", "value": "cpython3"}, {"name": "package", "value": "Tests.test_addtocart"}], "titlePath": ["Tests", "test_addtocart.py"]}